[2026-02-23 11:52:59.750] Запуск обработки. Размер данных: 10 000 000
[2026-02-23 11:52:59.921] Последовательная обработка: 147 мс, сумма=5004269229,90557246063688
[2026-02-23 11:52:59.961] ThreadPool: 39 мс, сумма=5004269229,90557246063688
[2026-02-23 11:52:59.987] TAP: 26 мс, сумма=5004269229,90557246063688
[2026-02-23 11:52:59.988] APM обработка начата
[2026-02-23 11:53:00.026] APM: 38 мс, сумма=5004269229,90557246063688
[2026-02-23 11:53:00.029] Итог — Seq:147мс TP:39мс TAP:26мс APM:38мс Совпадение:Да
[2026-02-23 11:53:00.031] SizeTest size=1000 Seq:0 TP:0 TAP:0 APM:0 OK:True
[2026-02-23 11:53:00.035] SizeTest size=10000 Seq:0 TP:0 TAP:0 APM:0 OK:True
[2026-02-23 11:53:00.065] SizeTest size=100000 Seq:1 TP:10 TAP:1 APM:11 OK:True
[2026-02-23 12:01:47.813] Запуск обработки. Размер данных: 2 000 000 000
[2026-02-23 12:04:09.970] Последовательная обработка: 142024 мс, сумма=1001005462692,64020811049618
[2026-02-23 12:05:29.680] ThreadPool: 79696 мс, сумма=1001005462692,64020811049618
[2026-02-23 12:07:07.376] TAP: 97687 мс, сумма=1001005462692,64020811049618
[2026-02-23 12:07:07.396] APM обработка начата
[2026-02-23 12:08:50.541] APM: 103149 мс, сумма=1001005462692,64020811049618
[2026-02-23 12:08:50.599] Итог — Seq:142024мс TP:79696мс TAP:97687мс APM:103149мс Совпадение:Да
[2026-02-23 12:08:50.606] SizeTest size=1000 Seq:0 TP:0 TAP:0 APM:0 OK:True
[2026-02-23 12:08:50.616] SizeTest size=10000 Seq:0 TP:0 TAP:0 APM:0 OK:True
[2026-02-23 12:08:50.629] SizeTest size=100000 Seq:1 TP:0 TAP:0 APM:3 OK:True
[2026-02-24 21:59:16.816] Запуск обработки. Размер данных: 200 000 000
[2026-02-24 21:59:20.679] Последовательная обработка: 3838 мс, сумма=100095729261,31013330249930
[2026-02-24 21:59:21.877] ThreadPool: 1191 мс, сумма=100095729261,31013330249930
[2026-02-24 21:59:22.891] TAP: 1013 мс, сумма=100095729261,31013330249930
[2026-02-24 21:59:22.892] APM обработка начата
[2026-02-24 21:59:24.296] APM: 1403 мс, сумма=100095729261,31013330249930
[2026-02-24 21:59:24.297] Итог — Seq:3838мс TP:1191мс TAP:1013мс APM:1403мс Совпадение:Да
[2026-02-24 22:07:11.888] Запуск обработки. Размер данных: 20 000 000
[2026-02-24 22:07:12.206] Последовательная обработка: 293 мс, сумма=10010237650,14746440231001
[2026-02-24 22:07:12.284] ThreadPool: 77 мс, сумма=10010237650,14746440231001
[2026-02-24 22:07:12.335] TAP: 51 мс, сумма=10010237650,14746440231001
[2026-02-24 22:07:12.336] APM обработка начата
[2026-02-24 22:07:12.412] APM: 76 мс, сумма=10010237650,14746440231001
[2026-02-24 22:07:12.413] Итог — Seq:293мс TP:77мс TAP:51мс APM:76мс Совпадение:Да
[2026-02-24 22:11:58.692] Запуск обработки. Размер данных: 1 000
[2026-02-24 22:11:58.737] Последовательная обработка: 0 мс, сумма=499732,81719857586047
[2026-02-24 22:11:58.740] ThreadPool: 2 мс, сумма=499732,81719857586047
[2026-02-24 22:11:58.742] TAP: 1 мс, сумма=499732,81719857586047
[2026-02-24 22:11:58.742] APM обработка начата
[2026-02-24 22:11:58.743] APM: 1 мс, сумма=499732,81719857586047
[2026-02-24 22:11:58.744] Итог — Seq:0мс TP:2мс TAP:1мс APM:1мс Совпадение:Да
[2026-02-24 22:12:24.314] Запуск обработки. Размер данных: 10 000
[2026-02-24 22:12:24.316] Последовательная обработка: 0 мс, сумма=4996342,83770831201521
[2026-02-24 22:12:24.317] ThreadPool: 0 мс, сумма=4996342,83770831201521
[2026-02-24 22:12:24.318] TAP: 1 мс, сумма=4996342,83770831201521
[2026-02-24 22:12:24.319] APM обработка начата
[2026-02-24 22:12:24.320] APM: 0 мс, сумма=4996342,83770831201521
[2026-02-24 22:12:24.320] Итог — Seq:0мс TP:0мс TAP:1мс APM:0мс Совпадение:Да
[2026-02-24 22:12:32.770] Запуск обработки. Размер данных: 100 000
[2026-02-24 22:12:32.777] Последовательная обработка: 6 мс, сумма=49978485,71790675099412
[2026-02-24 22:12:32.780] ThreadPool: 2 мс, сумма=49978485,71790675099412
[2026-02-24 22:12:32.783] TAP: 2 мс, сумма=49978485,71790675099412
[2026-02-24 22:12:32.783] APM обработка начата
[2026-02-24 22:12:32.785] APM: 2 мс, сумма=49978485,71790675099412
[2026-02-24 22:12:32.786] Итог — Seq:6мс TP:2мс TAP:2мс APM:2мс Совпадение:Да
[2026-02-24 22:12:50.840] Запуск обработки. Размер данных: 1 000 000
[2026-02-24 22:12:50.855] Последовательная обработка: 14 мс, сумма=500173982,95699365812970
[2026-02-24 22:12:50.859] ThreadPool: 3 мс, сумма=500173982,95699365812970
[2026-02-24 22:12:50.862] TAP: 2 мс, сумма=500173982,95699365812970
[2026-02-24 22:12:50.862] APM обработка начата
[2026-02-24 22:12:50.866] APM: 3 мс, сумма=500173982,95699365812970
[2026-02-24 22:12:50.866] Итог — Seq:14мс TP:3мс TAP:2мс APM:3мс Совпадение:Да
[2026-02-24 22:12:59.404] Запуск обработки. Размер данных: 10 000 000
[2026-02-24 22:12:59.551] Последовательная обработка: 146 мс, сумма=5004269229,90557246063688
[2026-02-24 22:12:59.577] ThreadPool: 25 мс, сумма=5004269229,90557246063688
[2026-02-24 22:12:59.602] TAP: 25 мс, сумма=5004269229,90557246063688
[2026-02-24 22:12:59.603] APM обработка начата
[2026-02-24 22:12:59.639] APM: 36 мс, сумма=5004269229,90557246063688
[2026-02-24 22:12:59.639] Итог — Seq:146мс TP:25мс TAP:25мс APM:36мс Совпадение:Да
[2026-02-24 22:13:15.843] Запуск обработки. Размер данных: 100 000 000
[2026-02-24 22:13:17.850] Последовательная обработка: 2005 мс, сумма=50046800003,98165443181329
[2026-02-24 22:13:18.168] ThreadPool: 316 мс, сумма=50046800003,98165443181329
[2026-02-24 22:13:18.489] TAP: 320 мс, сумма=50046800003,98165443181329
[2026-02-24 22:13:18.489] APM обработка начата
[2026-02-24 22:13:18.969] APM: 480 мс, сумма=50046800003,98165443181329
[2026-02-24 22:13:18.970] Итог — Seq:2005мс TP:316мс TAP:320мс APM:480мс Совпадение:Да
